# JRE version: OpenJDK Runtime Environment (17.0.6) (build 17.0.6+0-b2043.56-10027231)
# Java VM: OpenJDK 64-Bit Server VM (17.0.6+0-b2043.56-10027231, mixed mode, tiered, compressed oops, compressed class ptrs, g1 gc, windows-amd64)
GC Precious Log:
 CPUs: 4 total, 4 available
 Memory: 8139M
 Large Page Support: Disabled
 NUMA Support: Disabled
 Compressed Oops: Enabled (32-bit)
 Heap Region Size: 1M
 Heap Min Capacity: 8M
 Heap Initial Capacity: 128M
 Heap Max Capacity: 2G
 Pre-touch: Disabled
 Parallel Workers: 4
 Concurrent Workers: 1
 Concurrent Refinement Workers: 4
 Periodic GC: Disabled
Heap:
 garbage-first heap   total 241664K, used 158048K [0x0000000080000000, 0x0000000100000000)
  region size 1024K, 73 young (74752K), 2 survivors (2048K)
 Metaspace       used 85733K, committed 86400K, reserved 1130496K
  class space    used 11655K, committed 11968K, reserved 1048576K
GC Heap History (20 events):
Event: 27.971 GC heap before
{Heap before GC invocations=37 (full 0):
 garbage-first heap   total 106496K, used 80899K [0x0000000080000000, 0x0000000100000000)
  region size 1024K, 26 young (26624K), 4 survivors (4096K)
 Metaspace       used 74837K, committed 75392K, reserved 1114112K
  class space    used 10138K, committed 10432K, reserved 1048576K
}
Event: 27.984 GC heap after
{Heap after GC invocations=38 (full 0):
 garbage-first heap   total 106496K, used 60249K [0x0000000080000000, 0x0000000100000000)
  region size 1024K, 4 young (4096K), 4 survivors (4096K)
 Metaspace       used 74837K, committed 75392K, reserved 1114112K
  class space    used 10138K, committed 10432K, reserved 1048576K
}
Event: 28.109 GC heap before
{Heap before GC invocations=38 (full 0):
 garbage-first heap   total 106496K, used 61273K [0x0000000080000000, 0x0000000100000000)
  region size 1024K, 5 young (5120K), 4 survivors (4096K)
 Metaspace       used 75861K, committed 76416K, reserved 1122304K
  class space    used 10248K, committed 10496K, reserved 1048576K
}
Event: 28.118 GC heap after
{Heap after GC invocations=39 (full 0):
 garbage-first heap   total 128000K, used 60817K [0x0000000080000000, 0x0000000100000000)
  region size 1024K, 1 young (1024K), 1 survivors (1024K)
 Metaspace       used 75861K, committed 76416K, reserved 1122304K
  class space    used 10248K, committed 10496K, reserved 1048576K
}
Event: 29.612 GC heap before
{Heap before GC invocations=39 (full 0):
 garbage-first heap   total 128000K, used 100753K [0x0000000080000000, 0x0000000100000000)
  region size 1024K, 40 young (40960K), 1 survivors (1024K)
 Metaspace       used 80065K, committed 80704K, reserved 1122304K
  class space    used 10876K, committed 11200K, reserved 1048576K
}
Event: 29.622 GC heap after
{Heap after GC invocations=40 (full 0):
 garbage-first heap   total 128000K, used 63324K [0x0000000080000000, 0x0000000100000000)
  region size 1024K, 4 young (4096K), 4 survivors (4096K)
 Metaspace       used 80065K, committed 80704K, reserved 1122304K
  class space    used 10876K, committed 11200K, reserved 1048576K
}
Event: 30.913 GC heap before
{Heap before GC invocations=41 (full 0):
 garbage-first heap   total 128000K, used 101212K [0x0000000080000000, 0x0000000100000000)
  region size 1024K, 41 young (41984K), 4 survivors (4096K)
 Metaspace       used 81222K, committed 81856K, reserved 1122304K
  class space    used 11020K, committed 11328K, reserved 1048576K
}
Event: 30.931 GC heap after
{Heap after GC invocations=42 (full 0):
 garbage-first heap   total 128000K, used 68068K [0x0000000080000000, 0x0000000100000000)
  region size 1024K, 6 young (6144K), 6 survivors (6144K)
 Metaspace       used 81222K, committed 81856K, reserved 1122304K
  class space    used 11020K, committed 11328K, reserved 1048576K
}
Event: 31.493 GC heap before
{Heap before GC invocations=42 (full 0):
 garbage-first heap   total 128000K, used 102884K [0x0000000080000000, 0x0000000100000000)
  region size 1024K, 40 young (40960K), 6 survivors (6144K)
 Metaspace       used 81306K, committed 81920K, reserved 1122304K
  class space    used 11026K, committed 11328K, reserved 1048576K
}
Event: 31.516 GC heap after
{Heap after GC invocations=43 (full 0):
 garbage-first heap   total 128000K, used 73721K [0x0000000080000000, 0x0000000100000000)
  region size 1024K, 5 young (5120K), 5 survivors (5120K)
 Metaspace       used 81306K, committed 81920K, reserved 1122304K
  class space    used 11026K, committed 11328K, reserved 1048576K
}
Event: 33.286 GC heap before
{Heap before GC invocations=44 (full 0):
 garbage-first heap   total 137216K, used 102393K [0x0000000080000000, 0x0000000100000000)
  region size 1024K, 33 young (33792K), 5 survivors (5120K)
 Metaspace       used 83392K, committed 84032K, reserved 1122304K
  class space    used 11420K, committed 11712K, reserved 1048576K
}
Event: 33.306 GC heap after
{Heap after GC invocations=45 (full 0):
 garbage-first heap   total 137216K, used 78344K [0x0000000080000000, 0x0000000100000000)
  region size 1024K, 4 young (4096K), 4 survivors (4096K)
 Metaspace       used 83392K, committed 84032K, reserved 1122304K
  class space    used 11420K, committed 11712K, reserved 1048576K
}
Event: 33.378 GC heap before
{Heap before GC invocations=45 (full 0):
 garbage-first heap   total 137216K, used 80392K [0x0000000080000000, 0x0000000100000000)
  region size 1024K, 6 young (6144K), 4 survivors (4096K)
 Metaspace       used 83601K, committed 84288K, reserved 1122304K
  class space    used 11483K, committed 11776K, reserved 1048576K
}
Event: 33.394 GC heap after
{Heap after GC invocations=46 (full 0):
 garbage-first heap   total 137216K, used 78378K [0x0000000080000000, 0x0000000100000000)
  region size 1024K, 1 young (1024K), 1 survivors (1024K)
 Metaspace       used 83601K, committed 84288K, reserved 1122304K
  class space    used 11483K, committed 11776K, reserved 1048576K
}
Event: 34.570 GC heap before
{Heap before GC invocations=46 (full 0):
 garbage-first heap   total 137216K, used 109098K [0x0000000080000000, 0x0000000100000000)
  region size 1024K, 32 young (32768K), 1 survivors (1024K)
 Metaspace       used 84037K, committed 84672K, reserved 1122304K
  class space    used 11538K, committed 11840K, reserved 1048576K
}
Event: 34.581 GC heap after
{Heap after GC invocations=47 (full 0):
 garbage-first heap   total 241664K, used 79612K [0x0000000080000000, 0x0000000100000000)
  region size 1024K, 2 young (2048K), 2 survivors (2048K)
 Metaspace       used 84037K, committed 84672K, reserved 1122304K
  class space    used 11538K, committed 11840K, reserved 1048576K
}
Event: 40.149 GC heap before
{Heap before GC invocations=48 (full 0):
 garbage-first heap   total 241664K, used 187132K [0x0000000080000000, 0x0000000100000000)
  region size 1024K, 108 young (110592K), 2 survivors (2048K)
 Metaspace       used 85301K, committed 85952K, reserved 1130496K
  class space    used 11622K, committed 11904K, reserved 1048576K
}
Event: 40.170 GC heap after
{Heap after GC invocations=49 (full 0):
 garbage-first heap   total 241664K, used 86618K [0x0000000080000000, 0x0000000100000000)
  region size 1024K, 9 young (9216K), 9 survivors (9216K)
 Metaspace       used 85301K, committed 85952K, reserved 1130496K
  class space    used 11622K, committed 11904K, reserved 1048576K
}
Event: 40.197 GC heap before
{Heap before GC invocations=49 (full 0):
 garbage-first heap   total 241664K, used 87642K [0x0000000080000000, 0x0000000100000000)
  region size 1024K, 11 young (11264K), 9 survivors (9216K)
 Metaspace       used 85301K, committed 85952K, reserved 1130496K
  class space    used 11622K, committed 11904K, reserved 1048576K
}
Event: 40.215 GC heap after
{Heap after GC invocations=50 (full 0):
 garbage-first heap   total 241664K, used 87392K [0x0000000080000000, 0x0000000100000000)
  region size 1024K, 2 young (2048K), 2 survivors (2048K)
 Metaspace       used 85301K, committed 85952K, reserved 1130496K
  class space    used 11622K, committed 11904K, reserved 1048576K
}

